#
# There is insufficient memory for the Java Runtime Environment to continue.
# Native memory allocation (mmap) failed to map 266338304 bytes for Failed to commit area from 0x0000000702000000 to 0x0000000711e00000 of length 266338304.
# Possible reasons:
#   The system is out of physical RAM or swap space
#   The process is running with CompressedOops enabled, and the Java Heap may be blocking the growth of the native heap
# Possible solutions:
#   Reduce memory load on the system
#   Increase physical memory or swap space
#   Check if swap backing store is full
#   Decrease Java heap size (-Xmx/-Xms)
#   Decrease number of Java threads
#   Decrease Java thread stack sizes (-Xss)
#   Set larger code cache with -XX:ReservedCodeCacheSize=
# This output file may be truncated or incomplete.
#
#  Out of Memory Error (t:/workspace/open/src/hotspot/os/windows/os_windows.cpp:3301), pid=33064, tid=14704
#
# JRE version:  (13.0.1+9) (build )
# Java VM: Java HotSpot(TM) 64-Bit Server VM (13.0.1+9, mixed mode, aot, sharing, tiered, compressed oops, g1 gc, windows-amd64)
# No core dump will be written. Minidumps are not enabled by default on client versions of Windows
#

---------------  S U M M A R Y ------------

Command Line: -javaagent:C:\Users\mahve\eclipse\jee-2019-092\eclipse\configuration\org.eclipse.osgi\927\0\.cp\jacocoagent.jar=includes=*,excludes=,exclclassloader=sun.reflect.DelegatingClassLoader,output=tcpclient,port=59429 -ea -Dfile.encoding=Cp1252 org.eclipse.jdt.internal.junit.runner.RemoteTestRunner -version 3 -port 59430 -testLoaderClass org.eclipse.jdt.internal.junit4.runner.JUnit4TestLoader -loaderpluginname org.eclipse.jdt.junit4.runtime -test junit.AnagramFinderTest:testAnagramMatch2

Host: Intel(R) Core(TM) i5-7200U CPU @ 2.50GHz, 4 cores, 15G,  Windows 10 , 64 bit Build 18362 (10.0.18362.329)
Time: Sat Feb  8 03:59:00 2020 Pacific Standard Time elapsed time: 0 seconds (0d 0h 0m 0s)

---------------  T H R E A D  ---------------

Current thread (0x000001a0399c1000):  JavaThread "Unknown thread" [_thread_in_vm, id=14704, stack(0x0000003812e00000,0x0000003812f00000)]

Stack: [0x0000003812e00000,0x0000003812f00000]
Native frames: (J=compiled Java code, j=interpreted, Vv=VM code, C=native code)
V  [jvm.dll+0x626eca]
V  [jvm.dll+0x772c6a]
V  [jvm.dll+0x77441f]
V  [jvm.dll+0x774a23]
V  [jvm.dll+0x24da58]
V  [jvm.dll+0x62438a]
V  [jvm.dll+0x618f75]
V  [jvm.dll+0x30c61c]
V  [jvm.dll+0x30c452]
V  [jvm.dll+0x311bc6]
V  [jvm.dll+0x355ce6]
V  [jvm.dll+0x3554c0]
V  [jvm.dll+0x2e729a]
V  [jvm.dll+0x2e8532]
V  [jvm.dll+0x74fcd8]
V  [jvm.dll+0x363739]
V  [jvm.dll+0x732dc5]
V  [jvm.dll+0x3ce2ef]
V  [jvm.dll+0x3d0611]
C  [jli.dll+0x51ff]
C  [ucrtbase.dll+0x20e72]
C  [KERNEL32.DLL+0x17bd4]
C  [ntdll.dll+0x6ced1]


---------------  P R O C E S S  ---------------

Threads class SMR info:
_java_thread_list=0x00007fff478846b8, length=0, elements={
}

Java Threads: ( => current thread )

Other Threads:
  0x000001a039a2c000 GCTaskThread "GC Thread#0" [stack: 0x0000003812f00000,0x0000003813000000] [id=32088]
  0x000001a039a4e000 ConcurrentGCThread "G1 Main Marker" [stack: 0x0000003813000000,0x0000003813100000] [id=32852]
  0x000001a039a4f000 ConcurrentGCThread "G1 Conc#0" [stack: 0x0000003813100000,0x0000003813200000] [id=2732]

[error occurred during error reporting (printing all threads), id 0xc0000005, EXCEPTION_ACCESS_VIOLATION (0xc0000005) at pc=0x00007fff470b6f67]

VM state:not at safepoint (not fully initialized)

VM Mutex/Monitor currently owned by a thread:  ([mutex/lock_event])
[0x000001a0399bd9c0] Heap_lock - owner thread: 0x000001a0399c1000

Heap address: 0x0000000702000000, size: 4064 MB, Compressed Oops mode: Non-zero based: 0x0000000702000000
Narrow klass base: 0x0000000000000000, Narrow klass shift: 0

GC Heap History (0 events):
No events

Deoptimization events (0 events):
No events

Classes unloaded (0 events):
No events

Classes redefined (0 events):
No events

Internal exceptions (0 events):
No events

Events (8 events):
Event: 0.015 Loaded shared library C:\Program Files\Java\jdk-13.0.1\bin\zip.dll
Event: 0.016 Loaded shared library C:\Program Files\Java\jdk-13.0.1\bin\jimage.dll
Event: 0.018 Loading shared library C:\Program Files\Java\jdk-13.0.1\lib\libjava.base-coop.dll failed, error code 126
Event: 0.018 Loading shared library C:\Program Files\Java\jdk-13.0.1\lib\libjava.logging-coop.dll failed, error code 126
Event: 0.018 Loading shared library C:\Program Files\Java\jdk-13.0.1\lib\libjdk.compiler-coop.dll failed, error code 126
Event: 0.018 Loading shared library C:\Program Files\Java\jdk-13.0.1\lib\libjdk.scripting.nashorn-coop.dll failed, error code 126
Event: 0.018 Loading shared library C:\Program Files\Java\jdk-13.0.1\lib\libjdk.internal.vm.ci-coop.dll failed, error code 126
Event: 0.018 Loading shared library C:\Program Files\Java\jdk-13.0.1\lib\libjdk.internal.vm.compiler-coop.dll failed, error code 126


Dynamic libraries:
0x00007ff7291b0000 - 0x00007ff7291bf000 	C:\Program Files\Java\jdk-13.0.1\bin\javaw.exe
0x00007fff82660000 - 0x00007fff82850000 	C:\WINDOWS\SYSTEM32\ntdll.dll
0x00007fff80990000 - 0x00007fff80a42000 	C:\WINDOWS\System32\KERNEL32.DLL
0x00007fff7fee0000 - 0x00007fff80183000 	C:\WINDOWS\System32\KERNELBASE.dll
0x00007fff7fde0000 - 0x00007fff7feda000 	C:\WINDOWS\System32\ucrtbase.dll
0x00007fff77560000 - 0x00007fff77578000 	C:\Program Files\Java\jdk-13.0.1\bin\jli.dll
0x00007fff80820000 - 0x00007fff808c3000 	C:\WINDOWS\System32\ADVAPI32.dll
0x00007fff81280000 - 0x00007fff8131e000 	C:\WINDOWS\System32\msvcrt.dll
0x00007fff80a50000 - 0x00007fff80ae7000 	C:\WINDOWS\System32\sechost.dll
0x00007fff813b0000 - 0x00007fff814d0000 	C:\WINDOWS\System32\RPCRT4.dll
0x00007fff82450000 - 0x00007fff825e4000 	C:\WINDOWS\System32\USER32.dll
0x00007fff801f0000 - 0x00007fff80211000 	C:\WINDOWS\System32\win32u.dll
0x00007fff811e0000 - 0x00007fff81206000 	C:\WINDOWS\System32\GDI32.dll
0x00007fff80220000 - 0x00007fff803b4000 	C:\WINDOWS\System32\gdi32full.dll
0x00007fff805c0000 - 0x00007fff8065e000 	C:\WINDOWS\System32\msvcp_win.dll
0x00007fff73830000 - 0x00007fff73ab5000 	C:\WINDOWS\WinSxS\amd64_microsoft.windows.common-controls_6595b64144ccf1df_6.0.18362.592_none_e6c0b1911312be02\COMCTL32.dll
0x00007fff82110000 - 0x00007fff82446000 	C:\WINDOWS\System32\combase.dll
0x00007fff80540000 - 0x00007fff805c0000 	C:\WINDOWS\System32\bcryptPrimitives.dll
0x00007fff77540000 - 0x00007fff77555000 	C:\Program Files\Java\jdk-13.0.1\bin\VCRUNTIME140.dll
0x00007fff7a430000 - 0x00007fff7a43a000 	C:\WINDOWS\SYSTEM32\VERSION.dll
0x00007fff825f0000 - 0x00007fff8261e000 	C:\WINDOWS\System32\IMM32.DLL
0x00007fff74d80000 - 0x00007fff74e1b000 	C:\Program Files\Java\jdk-13.0.1\bin\msvcp140.dll
0x00007fff46dc0000 - 0x00007fff47926000 	C:\Program Files\Java\jdk-13.0.1\bin\server\jvm.dll
0x00007fff80710000 - 0x00007fff80718000 	C:\WINDOWS\System32\PSAPI.DLL
0x00007fff75440000 - 0x00007fff75464000 	C:\WINDOWS\SYSTEM32\WINMM.dll
0x00007fff6fc30000 - 0x00007fff6fc39000 	C:\WINDOWS\SYSTEM32\WSOCK32.dll
0x00007fff81d00000 - 0x00007fff81d6f000 	C:\WINDOWS\System32\WS2_32.dll
0x00007fff75410000 - 0x00007fff7543d000 	C:\WINDOWS\SYSTEM32\winmmbase.dll
0x00007fff7f5f0000 - 0x00007fff7f63a000 	C:\WINDOWS\System32\cfgmgr32.dll
0x00007fff7f540000 - 0x00007fff7f551000 	C:\WINDOWS\System32\kernel.appcore.dll
0x00007fff76e70000 - 0x00007fff76e80000 	C:\Program Files\Java\jdk-13.0.1\bin\verify.dll
0x00007fff7e170000 - 0x00007fff7e364000 	C:\WINDOWS\SYSTEM32\DBGHELP.DLL
0x00007fff753e0000 - 0x00007fff7540a000 	C:\WINDOWS\SYSTEM32\dbgcore.DLL
0x00007fff51830000 - 0x00007fff51856000 	C:\Program Files\Java\jdk-13.0.1\bin\java.dll
0x00007fff78bb0000 - 0x00007fff78bbe000 	C:\Program Files\Java\jdk-13.0.1\bin\instrument.dll
0x00007fff53240000 - 0x00007fff53257000 	C:\Program Files\Java\jdk-13.0.1\bin\zip.dll
0x00007fff5d140000 - 0x00007fff5d14a000 	C:\Program Files\Java\jdk-13.0.1\bin\jimage.dll

dbghelp: loaded successfully - version: 4.0.5 - missing functions: none
symbol engine: initialized successfully - sym options: 0x614 - pdb path: .;C:\Program Files\Java\jdk-13.0.1\bin;C:\WINDOWS\SYSTEM32;C:\WINDOWS\WinSxS\amd64_microsoft.windows.common-controls_6595b64144ccf1df_6.0.18362.592_none_e6c0b1911312be02;C:\Program Files\Java\jdk-13.0.1\bin\server

VM Arguments:
jvm_args: -javaagent:C:\Users\mahve\eclipse\jee-2019-092\eclipse\configuration\org.eclipse.osgi\927\0\.cp\jacocoagent.jar=includes=*,excludes=,exclclassloader=sun.reflect.DelegatingClassLoader,output=tcpclient,port=59429 -ea -Dfile.encoding=Cp1252 
java_command: org.eclipse.jdt.internal.junit.runner.RemoteTestRunner -version 3 -port 59430 -testLoaderClass org.eclipse.jdt.internal.junit4.runner.JUnit4TestLoader -loaderpluginname org.eclipse.jdt.junit4.runtime -test junit.AnagramFinderTest:testAnagramMatch2
java_class_path (initial): E:\Interviews\Realtor\workspace\AnagramFinder\target\test-classes;E:\Interviews\Realtor\workspace\AnagramFinder\target\classes;E:\Interviews\Realtor\system-rules-1.19.0.jar;E:\Interviews\Realtor\mockito-core-2.19.0.jar;C:\Users\mahve\.m2\repository\junit\junit\4.12\junit-4.12.jar;C:\Users\mahve\.m2\repository\org\hamcrest\hamcrest-core\1.3\hamcrest-core-1.3.jar;C:\Users\mahve\.m2\repository\org\mockito\mockito-all\1.8.4\mockito-all-1.8.4.jar;C:\Users\mahve\eclipse\jee-2019-092\eclipse\configuration\org.eclipse.osgi\410\0\.cp;C:\Users\mahve\eclipse\jee-2019-092\eclipse\configuration\org.eclipse.osgi\409\0\.cp
Launcher Type: SUN_STANDARD

[Global flags]
     intx CICompilerCount                          = 3                                         {product} {ergonomic}
     uint ConcGCThreads                            = 1                                         {product} {ergonomic}
     uint G1ConcRefinementThreads                  = 4                                         {product} {ergonomic}
   size_t G1HeapRegionSize                         = 1048576                                   {product} {ergonomic}
    uintx GCDrainStackTargetSize                   = 64                                        {product} {ergonomic}
   size_t InitialHeapSize                          = 266338304                                 {product} {ergonomic}
   size_t MarkStackSize                            = 4194304                                   {product} {ergonomic}
   size_t MaxHeapSize                              = 4261412864                                {product} {ergonomic}
   size_t MinHeapDeltaBytes                        = 1048576                                   {product} {ergonomic}
   size_t MinHeapSize                              = 8388608                                   {product} {ergonomic}
    uintx NonNMethodCodeHeapSize                   = 5830732                                {pd product} {ergonomic}
    uintx NonProfiledCodeHeapSize                  = 122913754                              {pd product} {ergonomic}
    uintx ProfiledCodeHeapSize                     = 122913754                              {pd product} {ergonomic}
    uintx ReservedCodeCacheSize                    = 251658240                              {pd product} {ergonomic}
     bool SegmentedCodeCache                       = true                                      {product} {ergonomic}
   size_t SoftMaxHeapSize                          = 4261412864                             {manageable} {ergonomic}
     bool UseCompressedClassPointers               = true                                 {lp64_product} {ergonomic}
     bool UseCompressedOops                        = true                                 {lp64_product} {ergonomic}
     bool UseG1GC                                  = true                                      {product} {ergonomic}
     bool UseLargePagesIndividualAllocation        = false                                  {pd product} {ergonomic}

Logging:
Log output configuration:
 #0: stdout all=warning uptime,level,tags
 #1: stderr all=off uptime,level,tags

Environment Variables:
JAVA_HOME=C:\Program Files\Java\jdk-13.0.1
JRE_HOME=C:\Program Files (x86)\Java\jre1.8.0_231
CLASSPATH=C:\Program Files\Java\jdk-13.0.1\bin;C:\Program Files (x86)\Java\jre1.8.0_231\bin;C:\Program Files\Apache Software Foundation\Tomcat 8.5\lib;D:\WVU\Interviews\MS3\log4j-1.2.17\apache-log4j-1.2.17\log4j-1.2.17.jar
PATH=C:/Program Files/Java/jdk-13.0.1/bin/server;C:/Program Files/Java/jdk-13.0.1/bin;C:\Program Files (x86)\Common Files\Oracle\Java\javapath;C:\ProgramData\Oracle\Java\javapath;C:\Program Files (x86)\Intel\Intel(R) Management Engine Components\iCLS\;C:\Program Files\Intel\Intel(R) Management Engine Components\iCLS\;C:\WINDOWS\system32;C:\WINDOWS;C:\WINDOWS\System32\Wbem;C:\WINDOWS\System32\WindowsPowerShell\v1.0\;C:\Program Files\Java\jdk1.8.0_121\bin;C:\TDM-GCC-64\bin;C:\WINDOWS\system32\config\systemprofile\.dnx\bin;C:\Program Files\Microsoft DNX\Dnvm\;C:\Program Files\Microsoft SQL Server\130\Tools\Binn\;C:\Program Files (x86)\CodeBlocks\MinGW\bin;C:\MinGW\msys\1.0\bin;C:\Python36;C:\Program Files (x86)\Intel\Intel(R) Management Engine Components\DAL;C:\Program Files\Intel\Intel(R) Management Engine Components\DAL;C:\Program Files (x86)\Intel\Intel(R) Management Engine Components\IPT;C:\Program Files\Intel\Intel(R) Management Engine Components\IPT;C:\Program Files\Java\jdk-13.0.1\bin;C:\Program Files\PuTTY\;C:\Program Files\MiKTeX 2.9\miktex\bin\x64\;C:\WINDOWS\System32\OpenSSH\;C:\Python36\Scripts;C:\SQLite;E:\Quiz\Ms3\src\com\ms3\SQL\log4j.properties;C:\apache-maven-3.6.1\bin;C:\Program Files\nodejs\;C:\WINDOWS\CCM;C:\Program Files (x86)\Yarn\bin\;C:\Program Files\Intel\WiFi\bin\;C:\Program Files\Common Files\Intel\WirelessCommon\;C:\Program Files\Git\cmd;C:\Users\mahve\AppData\Local\Microsoft\WindowsApps;C:\TDM-GCC-64\bin;C:\Gradle\gradle-4.2\bin;C:\Users\mahve\AppData\Roaming\npm;C:\Users\mahve\AppData\Local\atom\bin;C:\Users\mahve\AppData\Local\Yarn\bin;C:\Users\mahve\AppData\Local\Microsoft\WindowsApps;C:\Users\mahve\AppData\Local\GitHubDesktop\bin;C:\Program Files\heroku\bin;C:\Users\mahve\Desktop;
USERNAME=mahve
OS=Windows_NT
PROCESSOR_IDENTIFIER=Intel64 Family 6 Model 142 Stepping 9, GenuineIntel



---------------  S Y S T E M  ---------------

OS: Windows 10 , 64 bit Build 18362 (10.0.18362.329)

CPU:total 4 (initial active 4) (2 cores per cpu, 2 threads per core) family 6 model 142 stepping 9, cmov, cx8, fxsr, mmx, sse, sse2, sse3, ssse3, sse4.1, sse4.2, popcnt, avx, avx2, aes, clmul, erms, 3dnowpref, lzcnt, ht, tsc, tscinvbit, bmi1, bmi2, adx, fma

Memory: 4k page, system-wide physical 16250M (5076M free)
TotalPageFile size 65402M (AvailPageFile size 85M)
current process WorkingSet (physical memory assigned to process): 10M, peak: 10M
current process commit charge ("private bytes"): 52M, peak: 306M

vm_info: Java HotSpot(TM) 64-Bit Server VM (13.0.1+9) for windows-amd64 JRE (13.0.1+9), built on Oct  6 2019 12:37:49 by "mach5one" with unknown MS VC++:1916

END.
